0 info it worked if it ends with ok
1 verbose cli [ '/usr/bin/nodejs', '/usr/bin/npm', 'start' ]
2 info using npm@3.5.2
3 info using node@v4.2.6
4 verbose run-script [ 'prestart', 'start', 'poststart' ]
5 info lifecycle card-shuffling@1.0.0~prestart: card-shuffling@1.0.0
6 silly lifecycle card-shuffling@1.0.0~prestart: no script for prestart, continuing
7 info lifecycle card-shuffling@1.0.0~start: card-shuffling@1.0.0
8 verbose lifecycle card-shuffling@1.0.0~start: unsafe-perm in lifecycle true
9 verbose lifecycle card-shuffling@1.0.0~start: PATH: /usr/share/npm/bin/node-gyp-bin:/home/jithin/Documents/card_monte/node_modules/.bin:/home/jithin/anaconda3/bin:~/anaconda/bin:/home/jithin/.local/share/umake/bin:/home/jithin/bin:/home/jithin/.local/bin:/usr/local/sbin:/usr/local/bin:/usr/sbin:/usr/bin:/sbin:/bin:/usr/games:/usr/local/games:/usr/lib/jvm/java-11-oracle/bin:/usr/lib/jvm/java-11-oracle/db/bin
10 verbose lifecycle card-shuffling@1.0.0~start: CWD: /home/jithin/Documents/card_monte
11 silly lifecycle card-shuffling@1.0.0~start: Args: [ '-c',
11 silly lifecycle   'idyll index.idyll --defaultComponents=components/default --theme idyll --css styles.css --template _index.html --watch' ]
12 info lifecycle card-shuffling@1.0.0~start: Failed to exec start script
13 verbose stack Error: card-shuffling@1.0.0 start: `idyll index.idyll --defaultComponents=components/default --theme idyll --css styles.css --template _index.html --watch`
13 verbose stack spawn ENOENT
13 verbose stack     at ChildProcess.<anonymous> (/usr/share/npm/lib/utils/spawn.js:17:16)
13 verbose stack     at emitTwo (events.js:87:13)
13 verbose stack     at ChildProcess.emit (events.js:172:7)
13 verbose stack     at maybeClose (internal/child_process.js:821:16)
13 verbose stack     at Process.ChildProcess._handle.onexit (internal/child_process.js:211:5)
14 verbose pkgid card-shuffling@1.0.0
15 verbose cwd /home/jithin/Documents/card_monte
16 error Linux 4.13.0-45-generic
17 error argv "/usr/bin/nodejs" "/usr/bin/npm" "start"
18 error node v4.2.6
19 error npm  v3.5.2
20 error file sh
21 error code ELIFECYCLE
22 error errno ENOENT
23 error syscall spawn
24 error card-shuffling@1.0.0 start: `idyll index.idyll --defaultComponents=components/default --theme idyll --css styles.css --template _index.html --watch`
24 error spawn ENOENT
25 error Failed at the card-shuffling@1.0.0 start script 'idyll index.idyll --defaultComponents=components/default --theme idyll --css styles.css --template _index.html --watch'.
25 error Make sure you have the latest version of node.js and npm installed.
25 error If you do, this is most likely a problem with the card-shuffling package,
25 error not with npm itself.
25 error Tell the author that this fails on your system:
25 error     idyll index.idyll --defaultComponents=components/default --theme idyll --css styles.css --template _index.html --watch
25 error You can get information on how to open an issue for this project with:
25 error     npm bugs card-shuffling
25 error Or if that isn't available, you can get their info via:
25 error     npm owner ls card-shuffling
25 error There is likely additional logging output above.
26 verbose exit [ 1, true ]
